<?xml version="1.0" encoding="UTF-8"?>
<robot generator="Robot 4.1.3 (Python 3.10.6 on win32)" generated="20220824 14:41:15.847" rpa="false" schemaversion="2">
<suite id="s1" name="Tests" source="C:\Users\E698063\Rotation 3 - SDH\GIT Testing\Tests">
<suite id="s1-s1" name="Integrity Hub" source="C:\Users\E698063\Rotation 3 - SDH\GIT Testing\Tests\integrity_hub.robot">
<kw name="Perform Test Suite Setup" library="cloudera" type="SETUP">
<kw name="Set Log Level" library="BuiltIn">
<var>${OLD_LOG_LEVEL}</var>
<arg>TRACE</arg>
<doc>Sets the log threshold to the specified level and returns the old level.</doc>
<msg timestamp="20220824 14:41:15.931" level="INFO">Log level changed from INFO to TRACE.</msg>
<msg timestamp="20220824 14:41:15.931" level="TRACE">Return: 'INFO'</msg>
<msg timestamp="20220824 14:41:15.931" level="INFO">${OLD_LOG_LEVEL} = INFO</msg>
<status status="PASS" starttime="20220824 14:41:15.931" endtime="20220824 14:41:15.931"/>
</kw>
<kw name="Get Value From User" library="Dialogs">
<var>${DB_USERNAME_LCL}</var>
<arg>Username:</arg>
<doc>Pauses test execution and asks user to input a value.</doc>
<msg timestamp="20220824 14:41:15.931" level="TRACE">Arguments: [ 'Username:' ]</msg>
<msg timestamp="20220824 14:41:18.453" level="TRACE">Return: 'e698063'</msg>
<msg timestamp="20220824 14:41:18.453" level="INFO">${DB_USERNAME_LCL} = e698063</msg>
<status status="PASS" starttime="20220824 14:41:15.931" endtime="20220824 14:41:18.453"/>
</kw>
<kw name="Set Suite Variable" library="BuiltIn">
<arg>${DB_USERNAME}</arg>
<arg>${DB_USERNAME_LCL}</arg>
<doc>Makes a variable available everywhere within the scope of the current suite.</doc>
<msg timestamp="20220824 14:41:18.453" level="TRACE">Arguments: [ '${DB_USERNAME}' | '${DB_USERNAME_LCL}' ]</msg>
<msg timestamp="20220824 14:41:18.453" level="INFO">${DB_USERNAME} = e698063</msg>
<msg timestamp="20220824 14:41:18.453" level="TRACE">Return: None</msg>
<status status="PASS" starttime="20220824 14:41:18.453" endtime="20220824 14:41:18.453"/>
</kw>
<kw name="Get Value From User" library="Dialogs">
<var>${DB_USER_PASSWORD_LCL}</var>
<arg>Password:</arg>
<arg>hidden=yes</arg>
<doc>Pauses test execution and asks user to input a value.</doc>
<msg timestamp="20220824 14:41:18.461" level="TRACE">Arguments: [ 'Password:' | hidden=True ]</msg>
<msg timestamp="20220824 14:41:24.556" level="TRACE">Return: '$22tbgmphrpftdoh'</msg>
<msg timestamp="20220824 14:41:24.556" level="INFO">${DB_USER_PASSWORD_LCL} = $22tbgmphrpftdoh</msg>
<status status="PASS" starttime="20220824 14:41:18.453" endtime="20220824 14:41:24.556"/>
</kw>
<kw name="Set Suite Variable" library="BuiltIn">
<arg>${DB_USER_PASSWORD}</arg>
<arg>${DB_USER_PASSWORD_LCL}</arg>
<doc>Makes a variable available everywhere within the scope of the current suite.</doc>
<msg timestamp="20220824 14:41:24.556" level="TRACE">Arguments: [ '${DB_USER_PASSWORD}' | '${DB_USER_PASSWORD_LCL}' ]</msg>
<msg timestamp="20220824 14:41:24.556" level="INFO">${DB_USER_PASSWORD} = $22tbgmphrpftdoh</msg>
<msg timestamp="20220824 14:41:24.556" level="TRACE">Return: None</msg>
<status status="PASS" starttime="20220824 14:41:24.556" endtime="20220824 14:41:24.556"/>
</kw>
<kw name="Set Log Level" library="BuiltIn">
<arg>${OLD_LOG_LEVEL}</arg>
<doc>Sets the log threshold to the specified level and returns the old level.</doc>
<msg timestamp="20220824 14:41:24.556" level="TRACE">Arguments: [ 'INFO' ]</msg>
<msg timestamp="20220824 14:41:24.556" level="INFO">Log level changed from TRACE to INFO.</msg>
<status status="PASS" starttime="20220824 14:41:24.556" endtime="20220824 14:41:24.556"/>
</kw>
<status status="PASS" starttime="20220824 14:41:15.931" endtime="20220824 14:41:24.556"/>
</kw>
<test id="s1-s1-t1" name="UC18DWH241_US1_Testcase1: Monthly File Reconciliation (File: Enforce Non-Funeral- S224.ALL.IF.Mccyymm)">
<kw name="Database connection" library="cloudera">
<kw name="Connect To Database Using Custom Params" library="DatabaseLibrary">
<arg>impala.dbapi</arg>
<arg>user='${DB_USERNAME}',password='${DB_USER_PASSWORD}',host='${CLOUDERA_HOST}',port=${HIVE_PORT},auth_mechanism='LDAP'</arg>
<doc>Loads the DB API 2.0 module given `dbapiModuleName` then uses it to
connect to the database using the map string `db_custom_param_string`.</doc>
<msg timestamp="20220824 14:41:24.707" level="INFO">Executing : Connect To Database Using Custom Params : impala.dbapi.connect(db_api_2.connect(user='e698063',password='$22tbgmphrpftdoh',host='cloudera.sanlam.co.za',port=10000,auth_mechanism='LDAP')) </msg>
<status status="PASS" starttime="20220824 14:41:24.564" endtime="20220824 14:41:25.002"/>
</kw>
<status status="PASS" starttime="20220824 14:41:24.564" endtime="20220824 14:41:25.002"/>
</kw>
<kw name="Hub test 0: Record count to ensure that the hub is loaded">
<kw name="Query" library="DatabaseLibrary">
<var>${hub_test_1}</var>
<arg>${hub_test_1_sql}</arg>
<arg>sansTran=True</arg>
<doc>Uses the input `selectStatement` to query for the values that will be returned as a list of tuples. Set optional
input `sansTran` to True to run command without an explicit transaction commit or rollback.
Set optional input `returnAsDict` to True to return values as a list of dictionaries.</doc>
<msg timestamp="20220824 14:41:25.348" level="INFO">Executing : Query  |  select count(*) FROM groupbi_ads_e698063_spflab.skyreality_full_data </msg>
<msg timestamp="20220824 14:41:26.103" level="INFO">Closing active operation</msg>
<msg timestamp="20220824 14:41:26.135" level="INFO">${hub_test_1} = [(165534,)]</msg>
<status status="PASS" starttime="20220824 14:41:25.002" endtime="20220824 14:41:26.135"/>
</kw>
<kw name="Set Variable" library="BuiltIn">
<var>${result_1}</var>
<arg>${hub_test_1[0][0]}</arg>
<doc>Returns the given values which can then be assigned to a variables.</doc>
<msg timestamp="20220824 14:41:26.135" level="INFO">${result_1} = 165534</msg>
<status status="PASS" starttime="20220824 14:41:26.135" endtime="20220824 14:41:26.135"/>
</kw>
<kw name="Should Not Be Equal As Integers" library="BuiltIn">
<arg>0</arg>
<arg>${result_1}</arg>
<doc>Fails if objects are equal after converting them to integers.</doc>
<msg timestamp="20220824 14:41:26.135" level="INFO">Argument types are:
&lt;type 'unicode'&gt;
&lt;class 'int'&gt;</msg>
<status status="PASS" starttime="20220824 14:41:26.135" endtime="20220824 14:41:26.135"/>
</kw>
<status status="PASS" starttime="20220824 14:41:25.002" endtime="20220824 14:41:26.135"/>
</kw>
<kw name="Hub test 1: No null business keys / hashkeys in current set (from staging)">
<kw name="Query" library="DatabaseLibrary">
<var>${hub_test_2}</var>
<arg>${hub_test_2_sql}</arg>
<arg>sansTran=True</arg>
<doc>Uses the input `selectStatement` to query for the values that will be returned as a list of tuples. Set optional
input `sansTran` to True to run command without an explicit transaction commit or rollback.
Set optional input `returnAsDict` to True to return values as a list of dictionaries.</doc>
<msg timestamp="20220824 14:41:26.180" level="INFO">Executing : Query  |  select count(*) FROM groupbi_ads_e698063_spflab.skyreality_full_data where pty_id = NULL </msg>
<msg timestamp="20220824 14:41:26.559" level="INFO">Closing active operation</msg>
<msg timestamp="20220824 14:41:26.590" level="INFO">${hub_test_2} = [(0,)]</msg>
<status status="PASS" starttime="20220824 14:41:26.135" endtime="20220824 14:41:26.590"/>
</kw>
<kw name="Set Variable" library="BuiltIn">
<var>${result_2}</var>
<arg>${hub_test_2[0][0]}</arg>
<doc>Returns the given values which can then be assigned to a variables.</doc>
<msg timestamp="20220824 14:41:26.590" level="INFO">${result_2} = 0</msg>
<status status="PASS" starttime="20220824 14:41:26.590" endtime="20220824 14:41:26.590"/>
</kw>
<kw name="Should Be Equal As Integers" library="BuiltIn">
<arg>0</arg>
<arg>${result_2}</arg>
<doc>Fails if objects are unequal after converting them to integers.</doc>
<msg timestamp="20220824 14:41:26.590" level="INFO">Argument types are:
&lt;type 'unicode'&gt;
&lt;class 'int'&gt;</msg>
<status status="PASS" starttime="20220824 14:41:26.590" endtime="20220824 14:41:26.590"/>
</kw>
<status status="PASS" starttime="20220824 14:41:26.135" endtime="20220824 14:41:26.590"/>
</kw>
<kw name="Hub test 2: No duplicate business keys">
<kw name="Query" library="DatabaseLibrary">
<var>${hub_test_3}</var>
<arg>${hub_test_3_sql}</arg>
<arg>sansTran=True</arg>
<doc>Uses the input `selectStatement` to query for the values that will be returned as a list of tuples. Set optional
input `sansTran` to True to run command without an explicit transaction commit or rollback.
Set optional input `returnAsDict` to True to return values as a list of dictionaries.</doc>
<msg timestamp="20220824 14:41:26.640" level="INFO">Executing : Query  |  select count(*),pty_id FROM groupbi_ads_e698063_spflab.skyreality_full_data group by pty_id having count(*) &gt; 1 </msg>
<msg timestamp="20220824 14:41:26.838" level="INFO">Closing active operation</msg>
<msg timestamp="20220824 14:41:26.881" level="INFO">${hub_test_3} = []</msg>
<status status="PASS" starttime="20220824 14:41:26.605" endtime="20220824 14:41:26.881"/>
</kw>
<kw name="Set Variable" library="BuiltIn">
<var>${index}</var>
<arg>0</arg>
<doc>Returns the given values which can then be assigned to a variables.</doc>
<msg timestamp="20220824 14:41:26.881" level="INFO">${index} = 0</msg>
<status status="PASS" starttime="20220824 14:41:26.881" endtime="20220824 14:41:26.881"/>
</kw>
<for flavor="IN">
<var>${item}</var>
<value>@{hub_test_3}</value>
<status status="PASS" starttime="20220824 14:41:26.881" endtime="20220824 14:41:26.881"/>
</for>
<status status="PASS" starttime="20220824 14:41:26.590" endtime="20220824 14:41:26.881"/>
</kw>
<kw name="Hub test 3: No duplicate hash keys">
<kw name="Query" library="DatabaseLibrary">
<var>${hub_test_4}</var>
<arg>${hub_test_4_sql}</arg>
<arg>sansTran=True</arg>
<doc>Uses the input `selectStatement` to query for the values that will be returned as a list of tuples. Set optional
input `sansTran` to True to run command without an explicit transaction commit or rollback.
Set optional input `returnAsDict` to True to return values as a list of dictionaries.</doc>
<msg timestamp="20220824 14:41:26.914" level="INFO">Executing : Query  |  select count(*),pty_id FROM groupbi_ads_e698063_spflab.skyreality_full_data group by pty_id having count(*) &gt; 1 </msg>
<msg timestamp="20220824 14:41:27.149" level="INFO">Closing active operation</msg>
<msg timestamp="20220824 14:41:27.183" level="INFO">${hub_test_4} = []</msg>
<status status="PASS" starttime="20220824 14:41:26.881" endtime="20220824 14:41:27.183"/>
</kw>
<kw name="Set Variable" library="BuiltIn">
<var>${index}</var>
<arg>0</arg>
<doc>Returns the given values which can then be assigned to a variables.</doc>
<msg timestamp="20220824 14:41:27.183" level="INFO">${index} = 0</msg>
<status status="PASS" starttime="20220824 14:41:27.183" endtime="20220824 14:41:27.183"/>
</kw>
<for flavor="IN">
<var>${item}</var>
<value>@{hub_test_4}</value>
<status status="PASS" starttime="20220824 14:41:27.183" endtime="20220824 14:41:27.183"/>
</for>
<status status="PASS" starttime="20220824 14:41:26.881" endtime="20220824 14:41:27.183"/>
</kw>
<doc>LDWBI-485 - Reconcile 3 new monthly files which contains the inforce data for Legacy Non Funeral (Q1 - Jan - Mar, Q2 - April - Jun, Q3 - July - Sep, Q4 - Oct- Dec) to the original quarterly files on an attribute level grain using the same parameters (i.e. Date range) ( File: S224.ALL.IF.Mccyymm)</doc>
<tag>integrity</tag>
<status status="PASS" starttime="20220824 14:41:24.556" endtime="20220824 14:41:27.183"/>
</test>
<kw name="Perform Test Suite Teardown" library="cloudera" type="TEARDOWN">
<kw name="Disconnect From Database" library="DatabaseLibrary">
<doc>Disconnects from the database.</doc>
<msg timestamp="20220824 14:41:27.188" level="INFO">Executing : Disconnect From Database</msg>
<status status="PASS" starttime="20220824 14:41:27.188" endtime="20220824 14:41:27.188"/>
</kw>
<status status="PASS" starttime="20220824 14:41:27.188" endtime="20220824 14:41:27.188"/>
</kw>
<status status="PASS" starttime="20220824 14:41:15.867" endtime="20220824 14:41:27.188"/>
</suite>
<status status="PASS" starttime="20220824 14:41:15.849" endtime="20220824 14:41:27.188"/>
</suite>
<statistics>
<total>
<stat pass="1" fail="0" skip="0">All Tests</stat>
</total>
<tag>
<stat pass="1" fail="0" skip="0">integrity</stat>
</tag>
<suite>
<stat pass="1" fail="0" skip="0" id="s1" name="Tests">Tests</stat>
<stat pass="1" fail="0" skip="0" id="s1-s1" name="Integrity Hub">Tests.Integrity Hub</stat>
</suite>
</statistics>
<errors>
</errors>
</robot>
